<?xml version="1.0" encoding="UTF-8"?>
<testng-results skipped="0" failed="0" ignored="0" total="1" passed="1">
  <reporter-output>
  </reporter-output>
  <suite name="Default suite" duration-ms="657" started-at="2018-01-15T07:04:32Z" finished-at="2018-01-15T07:04:32Z">
    <groups>
    </groups>
    <test name="Default test" duration-ms="657" started-at="2018-01-15T07:04:32Z" finished-at="2018-01-15T07:04:32Z">
      <class name="TasksConfigReaderWriterTest">
        <test-method status="PASS" signature="testSuite()[pri:0, instance:TasksConfigReaderWriterTest@7f9a81e8]" name="testSuite" duration-ms="625" started-at="2018-01-15T15:04:32Z" finished-at="2018-01-15T15:04:32Z">
          <reporter-output>
          </reporter-output>
        </test-method> <!-- testSuite -->
      </class> <!-- TasksConfigReaderWriterTest -->
    </test> <!-- Default test -->
  </suite> <!-- Default suite -->
</testng-results>
